{"C:\\Users\\Kenichi\\Documents\\Cline\\extensions\\core\\environment-checker\\src\\checker.ts": {"path":"C:\\Users\\Kenichi\\Documents\\Cline\\extensions\\core\\environment-checker\\src\\checker.ts","statementMap":{"0":{"start":{"line":1,"column":0},"end":{"line":1,"column":37}},"1":{"start":{"line":2,"column":0},"end":{"line":2,"column":33}},"2":{"start":{"line":10,"column":18},"end":{"line":10,"column":33}},"3":{"start":{"line":28,"column":22},"end":{"line":28,"column":71}},"4":{"start":{"line":13,"column":10},"end":{"line":26,"column":4}},"5":{"start":{"line":35,"column":4},"end":{"line":45,"column":5}},"6":{"start":{"line":36,"column":25},"end":{"line":36,"column":93}},"7":{"start":{"line":37,"column":22},"end":{"line":37,"column":53}},"8":{"start":{"line":38,"column":24},"end":{"line":38,"column":82}},"9":{"start":{"line":39,"column":6},"end":{"line":39,"column":52}},"10":{"start":{"line":41,"column":6},"end":{"line":44,"column":8}},"11":{"start":{"line":49,"column":20},"end":{"line":49,"column":51}},"12":{"start":{"line":50,"column":20},"end":{"line":50,"column":51}},"13":{"start":{"line":52,"column":4},"end":{"line":56,"column":5}},"14":{"start":{"line":52,"column":17},"end":{"line":52,"column":18}},"15":{"start":{"line":53,"column":17},"end":{"line":53,"column":32}},"16":{"start":{"line":54,"column":17},"end":{"line":54,"column":32}},"17":{"start":{"line":55,"column":6},"end":{"line":55,"column":36}},"18":{"start":{"line":55,"column":21},"end":{"line":55,"column":36}},"19":{"start":{"line":57,"column":4},"end":{"line":57,"column":13}},"20":{"start":{"line":68,"column":4},"end":{"line":76,"column":5}},"21":{"start":{"line":69,"column":22},"end":{"line":69,"column":50}},"22":{"start":{"line":70,"column":6},"end":{"line":70,"column":42}},"23":{"start":{"line":72,"column":6},"end":{"line":75,"column":8}},"24":{"start":{"line":79,"column":27},"end":{"line":79,"column":83}},"25":{"start":{"line":79,"column":65},"end":{"line":79,"column":82}},"26":{"start":{"line":80,"column":4},"end":{"line":85,"column":5}},"27":{"start":{"line":81,"column":6},"end":{"line":84,"column":8}},"28":{"start":{"line":87,"column":4},"end":{"line":90,"column":6}},"29":{"start":{"line":98,"column":25},"end":{"line":98,"column":60}},"30":{"start":{"line":99,"column":4},"end":{"line":103,"column":8}},"31":{"start":{"line":99,"column":40},"end":{"line":103,"column":6}},"32":{"start":{"line":108,"column":38},"end":{"line":113,"column":null}},"33":{"start":{"line":109,"column":48},"end":{"line":113,"column":8}},"34":{"start":{"line":117,"column":29},"end":{"line":121,"column":null}},"35":{"start":{"line":118,"column":75},"end":{"line":121,"column":8}},"36":{"start":{"line":125,"column":26},"end":{"line":125,"column":58}},"37":{"start":{"line":128,"column":20},"end":{"line":130,"column":40}},"38":{"start":{"line":128,"column":57},"end":{"line":128,"column":68}},"39":{"start":{"line":129,"column":34},"end":{"line":129,"column":46}},"40":{"start":{"line":130,"column":31},"end":{"line":130,"column":39}},"41":{"start":{"line":132,"column":4},"end":{"line":139,"column":6}},"42":{"start":{"line":12,"column":0},"end":{"line":12,"column":13}}},"fnMap":{"0":{"name":"(anonymous_0)","decl":{"start":{"line":28,"column":2},"end":{"line":28,"column":22}},"loc":{"start":{"line":28,"column":71},"end":{"line":28,"column":75}}},"1":{"name":"(anonymous_1)","decl":{"start":{"line":30,"column":10},"end":{"line":30,"column":15}},"loc":{"start":{"line":30,"column":59},"end":{"line":46,"column":3}}},"2":{"name":"(anonymous_2)","decl":{"start":{"line":48,"column":10},"end":{"line":48,"column":25}},"loc":{"start":{"line":48,"column":60},"end":{"line":58,"column":3}}},"3":{"name":"(anonymous_3)","decl":{"start":{"line":60,"column":10},"end":{"line":60,"column":15}},"loc":{"start":{"line":62,"column":27},"end":{"line":91,"column":3}}},"4":{"name":"(anonymous_4)","decl":{"start":{"line":79,"column":58},"end":{"line":79,"column":61}},"loc":{"start":{"line":79,"column":65},"end":{"line":79,"column":82}}},"5":{"name":"(anonymous_5)","decl":{"start":{"line":93,"column":10},"end":{"line":93,"column":35}},"loc":{"start":{"line":93,"column":35},"end":{"line":104,"column":3}}},"6":{"name":"(anonymous_6)","decl":{"start":{"line":99,"column":28},"end":{"line":99,"column":35}},"loc":{"start":{"line":99,"column":40},"end":{"line":103,"column":6}}},"7":{"name":"(anonymous_7)","decl":{"start":{"line":106,"column":9},"end":{"line":106,"column":14}},"loc":{"start":{"line":106,"column":31},"end":{"line":140,"column":3}}},"8":{"name":"(anonymous_8)","decl":{"start":{"line":109,"column":34},"end":{"line":109,"column":39}},"loc":{"start":{"line":109,"column":48},"end":{"line":113,"column":8}}},"9":{"name":"(anonymous_9)","decl":{"start":{"line":118,"column":48},"end":{"line":118,"column":53}},"loc":{"start":{"line":118,"column":75},"end":{"line":121,"column":8}}},"10":{"name":"(anonymous_10)","decl":{"start":{"line":128,"column":52},"end":{"line":128,"column":53}},"loc":{"start":{"line":128,"column":57},"end":{"line":128,"column":68}}},"11":{"name":"(anonymous_11)","decl":{"start":{"line":129,"column":29},"end":{"line":129,"column":30}},"loc":{"start":{"line":129,"column":34},"end":{"line":129,"column":46}}},"12":{"name":"(anonymous_12)","decl":{"start":{"line":130,"column":26},"end":{"line":130,"column":27}},"loc":{"start":{"line":130,"column":31},"end":{"line":130,"column":39}}}},"branchMap":{"0":{"loc":{"start":{"line":53,"column":17},"end":{"line":53,"column":32}},"type":"binary-expr","locations":[{"start":{"line":53,"column":17},"end":{"line":53,"column":27}},{"start":{"line":53,"column":31},"end":{"line":53,"column":32}}]},"1":{"loc":{"start":{"line":54,"column":17},"end":{"line":54,"column":32}},"type":"binary-expr","locations":[{"start":{"line":54,"column":17},"end":{"line":54,"column":27}},{"start":{"line":54,"column":31},"end":{"line":54,"column":32}}]},"2":{"loc":{"start":{"line":55,"column":6},"end":{"line":55,"column":36}},"type":"if","locations":[{"start":{"line":55,"column":6},"end":{"line":55,"column":36}}]},"3":{"loc":{"start":{"line":80,"column":4},"end":{"line":85,"column":5}},"type":"if","locations":[{"start":{"line":80,"column":4},"end":{"line":85,"column":5}}]},"4":{"loc":{"start":{"line":102,"column":13},"end":{"line":102,"column":93}},"type":"cond-expr","locations":[{"start":{"line":102,"column":37},"end":{"line":102,"column":81}},{"start":{"line":102,"column":84},"end":{"line":102,"column":93}}]},"5":{"loc":{"start":{"line":128,"column":20},"end":{"line":130,"column":40}},"type":"binary-expr","locations":[{"start":{"line":128,"column":20},"end":{"line":128,"column":69}},{"start":{"line":129,"column":6},"end":{"line":129,"column":47}},{"start":{"line":130,"column":6},"end":{"line":130,"column":40}}]}},"s":{"0":1,"1":1,"2":1,"3":4,"4":4,"5":8,"6":8,"7":8,"8":8,"9":8,"10":0,"11":8,"12":8,"13":8,"14":8,"15":12,"16":12,"17":12,"18":8,"19":0,"20":4,"21":4,"22":4,"23":0,"24":4,"25":4,"26":4,"27":4,"28":0,"29":4,"30":4,"31":8,"32":4,"33":8,"34":4,"35":4,"36":4,"37":4,"38":8,"39":4,"40":0,"41":4,"42":1},"f":{"0":4,"1":8,"2":8,"3":4,"4":4,"5":4,"6":8,"7":4,"8":8,"9":4,"10":8,"11":4,"12":0},"b":{"0":[12,0],"1":[12,4],"2":[8],"3":[4],"4":[1,7],"5":[4,4,0]}}
}
