TN:
SF:src\checker.ts
FN:28,(anonymous_0)
FN:30,(anonymous_1)
FN:48,(anonymous_2)
FN:60,(anonymous_3)
FN:79,(anonymous_4)
FN:93,(anonymous_5)
FN:99,(anonymous_6)
FN:106,(anonymous_7)
FN:109,(anonymous_8)
FN:118,(anonymous_9)
FN:128,(anonymous_10)
FN:129,(anonymous_11)
FN:130,(anonymous_12)
FNF:13
FNH:12
FNDA:4,(anonymous_0)
FNDA:8,(anonymous_1)
FNDA:8,(anonymous_2)
FNDA:4,(anonymous_3)
FNDA:4,(anonymous_4)
FNDA:4,(anonymous_5)
FNDA:8,(anonymous_6)
FNDA:4,(anonymous_7)
FNDA:8,(anonymous_8)
FNDA:4,(anonymous_9)
FNDA:8,(anonymous_10)
FNDA:4,(anonymous_11)
FNDA:0,(anonymous_12)
DA:1,1
DA:2,1
DA:10,1
DA:12,1
DA:13,4
DA:28,4
DA:35,8
DA:36,8
DA:37,8
DA:38,8
DA:39,8
DA:41,0
DA:49,8
DA:50,8
DA:52,8
DA:53,12
DA:54,12
DA:55,12
DA:57,0
DA:68,4
DA:69,4
DA:70,4
DA:72,0
DA:79,4
DA:80,4
DA:81,4
DA:87,0
DA:98,4
DA:99,8
DA:108,4
DA:109,8
DA:117,4
DA:118,4
DA:125,4
DA:128,8
DA:129,4
DA:130,0
DA:132,4
LF:38
LH:33
BRDA:53,0,0,12
BRDA:53,0,1,0
BRDA:54,1,0,12
BRDA:54,1,1,4
BRDA:55,2,0,8
BRDA:80,3,0,4
BRDA:102,4,0,1
BRDA:102,4,1,7
BRDA:128,5,0,4
BRDA:128,5,1,4
BRDA:128,5,2,0
BRF:11
BRH:9
end_of_record
