TN:
SF:scripts\check-updates.ts
FN:23,(anonymous_0)
FN:36,(anonymous_1)
FN:41,checkGitStatus
FN:46,checkSubmoduleUpdates
FN:53,(anonymous_4)
FN:78,checkNpmUpdates
FN:84,(anonymous_6)
FN:85,(anonymous_7)
FN:105,generateReport
FN:115,(anonymous_9)
FN:134,main
FNF:11
FNH:0
FNDA:0,(anonymous_0)
FNDA:0,(anonymous_1)
FNDA:0,checkGitStatus
FNDA:0,checkSubmoduleUpdates
FNDA:0,(anonymous_4)
FNDA:0,checkNpmUpdates
FNDA:0,(anonymous_6)
FNDA:0,(anonymous_7)
FNDA:0,generateReport
FNDA:0,(anonymous_9)
FNDA:0,main
DA:25,0
DA:27,0
DA:28,0
DA:30,0
DA:31,0
DA:33,0
DA:37,0
DA:42,0
DA:43,0
DA:47,0
DA:48,0
DA:51,0
DA:53,0
DA:54,0
DA:55,0
DA:56,0
DA:57,0
DA:58,0
DA:68,0
DA:70,0
DA:74,0
DA:79,0
DA:80,0
DA:81,0
DA:83,0
DA:84,0
DA:85,0
DA:92,0
DA:93,0
DA:94,0
DA:97,0
DA:99,0
DA:101,0
DA:106,0
DA:107,0
DA:110,0
DA:115,0
DA:116,0
DA:121,0
DA:123,0
DA:124,0
DA:127,0
DA:128,0
DA:131,0
DA:135,0
DA:137,0
DA:138,0
DA:140,0
DA:141,0
DA:142,0
DA:145,0
DA:147,0
DA:148,0
DA:149,0
DA:152,0
DA:154,0
DA:155,0
DA:157,0
DA:158,0
DA:159,0
DA:160,0
DA:163,0
DA:164,0
DA:167,0
DA:168,0
DA:169,0
LF:66
LH:0
BRDA:27,0,0,0
BRDA:27,1,0,0
BRDA:27,1,1,0
BRDA:54,2,0,0
BRDA:57,3,0,0
BRDA:72,4,0,0
BRDA:72,4,1,0
BRDA:84,5,0,0
BRDA:84,5,1,0
BRDA:92,6,0,0
BRDA:92,6,1,0
BRDA:93,7,0,0
BRDA:106,8,0,0
BRDA:123,9,0,0
BRDA:127,10,0,0
BRDA:140,11,0,0
BRDA:140,11,1,0
BRDA:145,12,0,0
BRDA:157,13,0,0
BRDA:163,14,0,0
BRDA:167,15,0,0
BRDA:167,15,1,0
BRF:22
BRH:0
end_of_record
