TN:
SF:scripts\check-updates.ts
FN:23,(anonymous_0)
FN:36,(anonymous_1)
FN:41,checkGitStatus
FN:46,checkSubmoduleUpdates
FN:53,(anonymous_4)
FN:78,checkNpmUpdates
FN:84,(anonymous_6)
FN:85,(anonymous_7)
FN:105,generateReport
FN:115,(anonymous_9)
FN:134,main
FNF:11
FNH:11
FNDA:8,(anonymous_0)
FNDA:1,(anonymous_1)
FNDA:8,checkGitStatus
FNDA:5,checkSubmoduleUpdates
FNDA:8,(anonymous_4)
FNDA:8,checkNpmUpdates
FNDA:5,(anonymous_6)
FNDA:3,(anonymous_7)
FNDA:5,generateReport
FNDA:6,(anonymous_9)
FNDA:5,main
DA:25,6
DA:27,8
DA:28,2
DA:30,6
DA:31,6
DA:33,6
DA:37,1
DA:42,8
DA:43,5
DA:47,5
DA:48,5
DA:51,4
DA:53,4
DA:54,8
DA:55,3
DA:56,3
DA:57,3
DA:58,3
DA:68,4
DA:70,1
DA:74,1
DA:79,8
DA:80,8
DA:81,4
DA:83,3
DA:84,5
DA:85,3
DA:92,5
DA:93,4
DA:94,2
DA:97,2
DA:99,1
DA:101,3
DA:106,5
DA:107,2
DA:110,3
DA:115,3
DA:116,6
DA:121,3
DA:123,3
DA:124,3
DA:127,3
DA:128,3
DA:131,3
DA:135,5
DA:137,5
DA:138,5
DA:140,2
DA:141,2
DA:142,2
DA:145,3
DA:147,1
DA:148,1
DA:149,1
DA:152,2
DA:154,2
DA:155,2
DA:157,2
DA:158,1
DA:159,1
DA:160,1
DA:163,4
DA:164,4
DA:167,0
DA:168,0
DA:169,0
LF:66
LH:63
BRDA:27,0,0,2
BRDA:27,1,0,8
BRDA:27,1,1,7
BRDA:54,2,0,3
BRDA:57,3,0,3
BRDA:72,4,0,1
BRDA:72,4,1,0
BRDA:84,5,0,5
BRDA:84,5,1,4
BRDA:92,6,0,4
BRDA:92,6,1,1
BRDA:93,7,0,2
BRDA:106,8,0,2
BRDA:123,9,0,3
BRDA:127,10,0,3
BRDA:140,11,0,1
BRDA:140,11,1,1
BRDA:145,12,0,1
BRDA:157,13,0,1
BRDA:163,14,0,4
BRDA:167,15,0,0
BRDA:167,15,1,0
BRF:22
BRH:19
end_of_record
